        -:    0:Source:/mnt/c/Users/vanaa/OneDrive - University of Pretoria/1st Year/Semester 2/COS 110/__Pracs/Practical 6/Practical 6/bulk.cpp
        -:    0:Graph:/mnt/c/Users/vanaa/OneDrive - University of Pretoria/1st Year/Semester 2/COS 110/__Pracs/Practical 6/Practical 6/cmake-build-debug-coverage/CMakeFiles/Practical_6.dir/bulk.cpp.gcno
        -:    0:Data:/mnt/c/Users/vanaa/OneDrive - University of Pretoria/1st Year/Semester 2/COS 110/__Pracs/Practical 6/Practical 6/cmake-build-debug-coverage/CMakeFiles/Practical_6.dir/bulk.cpp.gcda
        -:    0:Runs:1
        -:    1:#include <sstream>
        -:    2:#include <iostream>
        -:    3:#include <iomanip>
        -:    4:#include "bulk.h"
        -:    5:/**
        -:    6: * @brief Creates a bulk product
        -:    7: * @param n The name of the product
        -:    8: * @param bNn The barcode number of the product
        -:    9: * @param v The value of the product
        -:   10: * @param a The amount of the product
        -:   11: * @param dP The discount percentage of the product
        -:   12: * @param dA The discount amount of the product
        -:   13: */
function _ZN4bulkC2ENSt7__cxx1112basic_stringIcSt11char_traitsIcESaIcEEEiiifi called 4 returned 100% blocks executed 71%
        4:   14:bulk::bulk(std::string n, int bNn, int v, int a, float dP, int dA) : product(n, bNn, v, a) {
        4:   14-block  0
call    0 returned 4
call    1 returned 4
branch  2 taken 4 (fallthrough)
branch  3 taken 0 (throw)
        4:   14-block  1
call    4 returned 4
branch  5 taken 4 (fallthrough)
branch  6 taken 0 (throw)
    $$$$$:   14-block  2
call    7 never executed
        4:   15:    discountPercentage = dP;
        4:   16:    discountAmount = dA;
        4:   17:}
        4:   17-block  0
        -:   18:
function _ZN4bulkD2Ev called 4 returned 100% blocks executed 100%
        4:   19:bulk::~bulk() {
        -:   20:
        4:   21:}
        4:   21-block  0
call    0 returned 4
branch  1 taken 4 (fallthrough)
branch  2 taken 0 (throw)
        4:   21-block  1
        -:   22:/**
        -:   23: * @brief Calculates the price of a bulk product
        -:   24: * @param s The amount to buy, will be a positive integer
        -:   25: * @return The price of the bulk product
        -:   26: */
function _ZN4bulk5priceENSt7__cxx1112basic_stringIcSt11char_traitsIcESaIcEEE called 4 returned 100% blocks executed 82%
        4:   27:float bulk::price(std::string s) {
        4:   28:    std::stringstream ss;
        4:   28-block  0
call    0 returned 4
branch  1 taken 4 (fallthrough)
branch  2 taken 0 (throw)
        4:   29:    ss << s;
        4:   29-block  0
call    0 returned 4
branch  1 taken 4 (fallthrough)
branch  2 taken 0 (throw)
        -:   30:    int n;
        4:   31:    ss >> n;
        4:   31-block  0
call    0 returned 4
branch  1 taken 4 (fallthrough)
branch  2 taken 0 (throw)
        -:   32:
        4:   33:    if (n < 0) {
        4:   33-block  0
branch  0 taken 1 (fallthrough)
branch  1 taken 3
        1:   34:        n = 0;
        1:   34-block  0
        -:   35:    }
        -:   36:
        4:   37:    int numGroups = n / discountAmount;
        4:   38:    float groupDiscountPrice = value * (1 - discountPercentage) * discountAmount;
        -:   39:
        4:   40:    return numGroups * groupDiscountPrice + (n % discountAmount) * value;
        4:   40-block  0
        4:   41:}
        4:   41-block  0
call    0 returned 4
branch  1 taken 4 (fallthrough)
branch  2 taken 0 (throw)
    $$$$$:   41-block  1
call    3 never executed
        -:   42:/**
        -:   43: * @brief Prints the bulk product
        -:   44: */
function _ZN4bulk5printEv called 4 returned 100% blocks executed 91%
        4:   45:void bulk::print() {
        4:   46:    std::cout << "bulk{" << getBarcode() << "}{" << name
        4:   46-block  0
call    0 returned 4
branch  1 taken 4 (fallthrough)
branch  2 taken 0 (throw)
    $$$$$:   46-block  1
call    3 never executed
        4:   47:            << "}{R" << value << "}{" << amount << "}{"
        4:   47-block  0
call    0 returned 4
call    1 returned 4
call    2 returned 4
branch  3 taken 4 (fallthrough)
branch  4 taken 0 (throw)
        4:   47-block  1
call    5 returned 4
branch  6 taken 4 (fallthrough)
branch  7 taken 0 (throw)
        4:   47-block  2
call    8 returned 4
branch  9 taken 4 (fallthrough)
branch 10 taken 0 (throw)
        4:   47-block  3
call   11 returned 4
branch 12 taken 4 (fallthrough)
branch 13 taken 0 (throw)
        4:   47-block  4
call   14 returned 4
branch 15 taken 4 (fallthrough)
branch 16 taken 0 (throw)
        4:   47-block  5
call   17 returned 4
branch 18 taken 4 (fallthrough)
branch 19 taken 0 (throw)
        4:   48:            << std::setprecision(2) << std::fixed
        4:   48-block  0
call    0 returned 4
branch  1 taken 4 (fallthrough)
branch  2 taken 0 (throw)
        4:   48-block  1
call    3 returned 4
branch  4 taken 4 (fallthrough)
branch  5 taken 0 (throw)
        4:   48-block  2
call    6 returned 4
call    7 returned 4
branch  8 taken 4 (fallthrough)
branch  9 taken 0 (throw)
        4:   48-block  3
call   10 returned 4
branch 11 taken 4 (fallthrough)
branch 12 taken 0 (throw)
        4:   49:            << discountPercentage * 100 << "%}{"
        4:   49-block  0
call    0 returned 4
branch  1 taken 4 (fallthrough)
branch  2 taken 0 (throw)
        4:   49-block  1
call    3 returned 4
branch  4 taken 4 (fallthrough)
branch  5 taken 0 (throw)
        4:   50:            << discountAmount << "}" << std::endl;
        4:   50-block  0
call    0 returned 4
branch  1 taken 4 (fallthrough)
branch  2 taken 0 (throw)
        4:   50-block  1
call    3 returned 4
branch  4 taken 4 (fallthrough)
branch  5 taken 0 (throw)
        4:   50-block  2
call    6 returned 4
branch  7 taken 4 (fallthrough)
branch  8 taken 0 (throw)
        4:   51:}
        4:   51-block  0
        -:   52:
