        -:    0:Source:/mnt/c/Users/vanaa/OneDrive - University of Pretoria/1st Year/Semester 2/COS 110/__Pracs/Practical 6/Practical 6/item.cpp
        -:    0:Graph:/mnt/c/Users/vanaa/OneDrive - University of Pretoria/1st Year/Semester 2/COS 110/__Pracs/Practical 6/Practical 6/cmake-build-debug-coverage/CMakeFiles/Practical_6.dir/item.cpp.gcno
        -:    0:Data:/mnt/c/Users/vanaa/OneDrive - University of Pretoria/1st Year/Semester 2/COS 110/__Pracs/Practical 6/Practical 6/cmake-build-debug-coverage/CMakeFiles/Practical_6.dir/item.cpp.gcda
        -:    0:Runs:1
        -:    1:#include <iostream>
        -:    2:#include "item.h"
        -:    3:#include <sstream>
        -:    4:
function _ZN4itemC2ENSt7__cxx1112basic_stringIcSt11char_traitsIcESaIcEEEi called 21 returned 100% blocks executed 92%
       21:    5:item::item(std::string n, int bN) {
       21:    5-block  0
call    0 returned 21
       21:    6:    name = n;
call    0 returned 21
branch  1 taken 21 (fallthrough)
branch  2 taken 0 (throw)
        -:    7:
       21:    8:    int count = 0, temp = bN;
        -:    9:
      151:   10:    while (temp != 0) {
       21:   10-block  0
      151:   10-block  1
branch  0 taken 130
branch  1 taken 21 (fallthrough)
      130:   11:        count++;
      130:   12:        temp = temp >> 1;
      130:   12-block  0
        -:   13:    }
        -:   14:
       21:   15:    barcodeLength = count;
       21:   16:    barcode = new bool[barcodeLength];
       21:   16-block  0
call    0 returned 21
branch  1 taken 21 (fallthrough)
branch  2 taken 0 (throw)
        -:   17:
      151:   18:    for (int i = barcodeLength-1; i >= 0; i--) {
       21:   18-block  0
      151:   18-block  1
branch  0 taken 130
branch  1 taken 21 (fallthrough)
      130:   19:        barcode[barcodeLength-(i+1)] = (bN >> i) % 2;
      130:   19-block  0
        -:   20:    }
       21:   21:}
       21:   21-block  0
    $$$$$:   21-block  1
call    0 never executed
        -:   22:
function _ZN4itemD2Ev called 21 returned 100% blocks executed 100%
       21:   23:item::~item() {
       21:   24:    if (barcode != NULL)
       21:   24-block  0
branch  0 taken 21 (fallthrough)
branch  1 taken 0
       21:   25:        delete [] barcode;
       21:   25-block  0
branch  0 taken 21 (fallthrough)
branch  1 taken 0
       21:   25-block  1
call    2 returned 21
       21:   26:}
       21:   26-block  0
call    0 returned 21
branch  1 taken 21 (fallthrough)
branch  2 taken 0 (throw)
       21:   26-block  1
        -:   27:
function _ZN4item7getNameB5cxx11Ev called 176 returned 100% blocks executed 67%
      176:   28:std::string item::getName() {
      176:   29:    return name;
      176:   29-block  0
call    0 returned 176
branch  1 taken 176 (fallthrough)
branch  2 taken 0 (throw)
      176:   29-block  1
      176:   29-block  2
    =====:   30:}
    $$$$$:   30-block  0
branch  0 never executed
branch  1 never executed
    $$$$$:   30-block  1
call    2 never executed
        -:   31:
function _ZN4item10getBarcodeB5cxx11Ev called 11 returned 100% blocks executed 79%
       11:   32:std::string item::getBarcode() {
       11:   33:    std::stringstream ss;
       11:   33-block  0
call    0 returned 11
branch  1 taken 11 (fallthrough)
branch  2 taken 0 (throw)
        -:   34:
       11:   35:    int n = 0;
        -:   36:
       11:   37:    ss << '[';
       11:   37-block  0
call    0 returned 11
branch  1 taken 11 (fallthrough)
branch  2 taken 0 (throw)
       77:   38:    for (int i = 0; i < barcodeLength; i++) {
       11:   38-block  0
       66:   38-block  1
       77:   38-block  2
branch  0 taken 66
branch  1 taken 11 (fallthrough)
       66:   39:        bool bar = barcode[i];
       66:   40:        n += bar;
       66:   41:        if (i != barcodeLength - 1)
       66:   41-block  0
branch  0 taken 55 (fallthrough)
branch  1 taken 11
       55:   42:            n = n << 1;
       55:   42-block  0
       66:   43:        ss << (bar ? '|' : ' ');
       66:   43-block  0
branch  0 taken 36 (fallthrough)
branch  1 taken 30
       36:   43-block  1
       30:   43-block  2
       66:   43-block  3
call    2 returned 66
branch  3 taken 66 (fallthrough)
branch  4 taken 0 (throw)
        -:   44:    }
       11:   45:    ss << "](" << n << ')';
       11:   45-block  0
call    0 returned 11
branch  1 taken 11 (fallthrough)
branch  2 taken 0 (throw)
       11:   45-block  1
call    3 returned 11
branch  4 taken 11 (fallthrough)
branch  5 taken 0 (throw)
       11:   45-block  2
call    6 returned 11
branch  7 taken 11 (fallthrough)
branch  8 taken 0 (throw)
        -:   46:
       22:   47:    return ss.str();
       11:   47-block  0
call    0 returned 11
branch  1 taken 11 (fallthrough)
branch  2 taken 0 (throw)
       11:   47-block  1
       11:   48:}
       11:   48-block  0
call    0 returned 11
branch  1 taken 11 (fallthrough)
branch  2 taken 0 (throw)
    $$$$$:   48-block  1
call    3 never executed
    $$$$$:   48-block  2
branch  4 never executed
branch  5 never executed
    $$$$$:   48-block  3
call    6 never executed
