        -:    0:Source:/mnt/c/Users/vanaa/OneDrive - University of Pretoria/1st Year/Semester 2/COS 110/__Pracs/Practical 6/Practical 6/service.cpp
        -:    0:Graph:/mnt/c/Users/vanaa/OneDrive - University of Pretoria/1st Year/Semester 2/COS 110/__Pracs/Practical 6/Practical 6/cmake-build-debug-coverage/CMakeFiles/Practical_6.dir/service.cpp.gcno
        -:    0:Data:/mnt/c/Users/vanaa/OneDrive - University of Pretoria/1st Year/Semester 2/COS 110/__Pracs/Practical 6/Practical 6/cmake-build-debug-coverage/CMakeFiles/Practical_6.dir/service.cpp.gcda
        -:    0:Runs:1
        -:    1:#include <iostream>
        -:    2:#include <iomanip>
        -:    3:#include <sstream>
        -:    4:#include "service.h"
        -:    5:/**
        -:    6: * @brief Default constructor
        -:    7: * @param n The name of the service
        -:    8: * @param bNn The barcode number of the service
        -:    9: * @param r The rate of the service
        -:   10: * @param p The period of the service
        -:   11: */
function _ZN7serviceC2ENSt7__cxx1112basic_stringIcSt11char_traitsIcESaIcEEEiic called 20 returned 100% blocks executed 71%
       20:   12:service::service(std::string n, int bNn, int r, char p) : item(n, bNn) {
       20:   12-block  0
call    0 returned 20
call    1 returned 20
branch  2 taken 20 (fallthrough)
branch  3 taken 0 (throw)
       20:   12-block  1
call    4 returned 20
branch  5 taken 20 (fallthrough)
branch  6 taken 0 (throw)
    $$$$$:   12-block  2
call    7 never executed
       20:   13:    rate = r;
       20:   14:    period = p;
       20:   15:}
       20:   15-block  0
        -:   16:
function _ZN7serviceD2Ev called 0 returned 0% blocks executed 0%
    #####:   17:service::~service() {
        -:   18:
    #####:   19:}
    %%%%%:   19-block  0
call    0 never executed
branch  1 never executed
branch  2 never executed
    %%%%%:   19-block  1
        -:   20:/**
        -:   21: * @brief Buys a service
        -:   22: * @param s The amount to buy. Format: "<amount> <period>"
        -:   23: */
function _ZN7service3buyENSt7__cxx1112basic_stringIcSt11char_traitsIcESaIcEEE called 2 returned 100% blocks executed 67%
        2:   24:void service::buy(std::string s) {
        2:   25:    std::stringstream ss;
        2:   25-block  0
call    0 returned 2
branch  1 taken 2 (fallthrough)
branch  2 taken 0 (throw)
        2:   26:    ss << s.substr(0, s.find(' '));
        2:   26-block  0
call    0 returned 2
branch  1 taken 2 (fallthrough)
branch  2 taken 0 (throw)
        2:   26-block  1
call    3 returned 2
branch  4 taken 2 (fallthrough)
branch  5 taken 0 (throw)
        2:   26-block  2
call    6 returned 2
branch  7 taken 2 (fallthrough)
branch  8 taken 0 (throw)
        2:   26-block  3
call    9 returned 2
branch 10 taken 2 (fallthrough)
branch 11 taken 0 (throw)
    $$$$$:   26-block  4
call   12 never executed
    $$$$$:   26-block  5
        -:   27:    int n;
        2:   28:    ss >> n;
        2:   28-block  0
call    0 returned 2
branch  1 taken 2 (fallthrough)
branch  2 taken 0 (throw)
        2:   29:    char p = s[s.find(' ') + 1];
        2:   29-block  0
call    0 returned 2
branch  1 taken 2 (fallthrough)
branch  2 taken 0 (throw)
        2:   29-block  1
call    3 returned 2
branch  4 taken 2 (fallthrough)
branch  5 taken 0 (throw)
        -:   30:
        2:   31:    std::string sPeriod;
        2:   31-block  0
call    0 returned 2
branch  1 taken 2 (fallthrough)
branch  2 taken 0 (throw)
        -:   32:
        2:   33:    switch (p) {
        2:   33-block  0
branch  0 taken 1
branch  1 taken 0
branch  2 taken 0
branch  3 taken 0
branch  4 taken 1
        1:   34:        case 'h':
        1:   35:            sPeriod = "hours";
        1:   35-block  0
call    0 returned 1
branch  1 taken 1 (fallthrough)
branch  2 taken 0 (throw)
        1:   36:            break;
        1:   36-block  0
    #####:   37:        case 'd':
    #####:   38:            sPeriod = "days";
    %%%%%:   38-block  0
call    0 never executed
branch  1 never executed
branch  2 never executed
    #####:   39:            break;
    %%%%%:   39-block  0
    #####:   40:        case 'w':
    #####:   41:            sPeriod = "weeks";
    %%%%%:   41-block  0
call    0 never executed
branch  1 never executed
branch  2 never executed
    #####:   42:            break;
    %%%%%:   42-block  0
    #####:   43:        case 'm':
    #####:   44:            sPeriod = "months";
    %%%%%:   44-block  0
call    0 never executed
branch  1 never executed
branch  2 never executed
    #####:   45:            break;
    %%%%%:   45-block  0
        1:   46:        default:
        1:   47:            p = 'y';
        1:   48:            sPeriod = "years";
        1:   48-block  0
call    0 returned 1
branch  1 taken 1 (fallthrough)
branch  2 taken 0 (throw)
        1:   49:            break;
        1:   49-block  0
        -:   50:    }
        -:   51:
        2:   52:    if (n < 0) {
        2:   52-block  0
branch  0 taken 0 (fallthrough)
branch  1 taken 2
    #####:   53:        n = 0;
    %%%%%:   53-block  0
        -:   54:    }
        -:   55:
        2:   56:    std::cout << "Bought{" << n << sPeriod
        2:   56-block  0
call    0 returned 2
branch  1 taken 2 (fallthrough)
branch  2 taken 0 (throw)
        2:   57:            << "}{" << name << "}{R" << std::setprecision(2)
        2:   57-block  0
call    0 returned 2
branch  1 taken 2 (fallthrough)
branch  2 taken 0 (throw)
        2:   57-block  1
call    3 returned 2
branch  4 taken 2 (fallthrough)
branch  5 taken 0 (throw)
        2:   57-block  2
call    6 returned 2
branch  7 taken 2 (fallthrough)
branch  8 taken 0 (throw)
        2:   57-block  3
call    9 returned 2
branch 10 taken 2 (fallthrough)
branch 11 taken 0 (throw)
        2:   57-block  4
call   12 returned 2
branch 13 taken 2 (fallthrough)
branch 14 taken 0 (throw)
        2:   57-block  5
call   15 returned 2
call   16 returned 2
branch 17 taken 2 (fallthrough)
branch 18 taken 0 (throw)
        2:   58:            << std::fixed << price(s) << "}" << std::endl;
        2:   58-block  0
call    0 returned 2
branch  1 taken 2 (fallthrough)
branch  2 taken 0 (throw)
        2:   58-block  1
call    3 returned 2
branch  4 taken 2 (fallthrough)
branch  5 taken 0 (throw)
        2:   58-block  2
call    6 returned 2
branch  7 taken 2 (fallthrough)
branch  8 taken 0 (throw)
        2:   58-block  3
call    9 returned 2
branch 10 taken 2 (fallthrough)
branch 11 taken 0 (throw)
        2:   58-block  4
call   12 returned 2
branch 13 taken 2 (fallthrough)
branch 14 taken 0 (throw)
        2:   58-block  5
call   15 returned 2
branch 16 taken 2 (fallthrough)
branch 17 taken 0 (throw)
        2:   58-block  6
call   18 returned 2
branch 19 taken 2 (fallthrough)
branch 20 taken 0 (throw)
    $$$$$:   58-block  7
call   21 never executed
    $$$$$:   58-block  8
        2:   59:}
        2:   59-block  0
call    0 returned 2
branch  1 taken 2 (fallthrough)
branch  2 taken 0 (throw)
        2:   59-block  1
call    3 returned 2
branch  4 taken 2 (fallthrough)
branch  5 taken 0 (throw)
        2:   59-block  2
    $$$$$:   59-block  3
call    6 never executed
    $$$$$:   59-block  4
call    7 never executed
        -:   60:/**
        -:   61: * @brief Calculates the price of a service
        -:   62: * @param s The amount to buy. Format: "<amount> <period>"
        -:   63: * @return The price of the service
        -:   64: */
function _ZN7service5priceENSt7__cxx1112basic_stringIcSt11char_traitsIcESaIcEEE called 4 returned 100% blocks executed 61%
        4:   65:float service::price(std::string s) {
        4:   66:    std::stringstream ss;
        4:   66-block  0
call    0 returned 4
branch  1 taken 4 (fallthrough)
branch  2 taken 0 (throw)
        4:   67:    ss << s.substr(0, s.find(' '));
        4:   67-block  0
call    0 returned 4
branch  1 taken 4 (fallthrough)
branch  2 taken 0 (throw)
        4:   67-block  1
call    3 returned 4
branch  4 taken 4 (fallthrough)
branch  5 taken 0 (throw)
        4:   67-block  2
call    6 returned 4
branch  7 taken 4 (fallthrough)
branch  8 taken 0 (throw)
        4:   67-block  3
call    9 returned 4
branch 10 taken 4 (fallthrough)
branch 11 taken 0 (throw)
    $$$$$:   67-block  4
call   12 never executed
    $$$$$:   67-block  5
        -:   68:    int n;
        4:   69:    ss >> n;
        4:   69-block  0
call    0 returned 4
branch  1 taken 4 (fallthrough)
branch  2 taken 0 (throw)
        4:   70:    char p = s[s.find(' ') + 1];
        4:   70-block  0
call    0 returned 4
branch  1 taken 4 (fallthrough)
branch  2 taken 0 (throw)
        4:   70-block  1
call    3 returned 4
branch  4 taken 4 (fallthrough)
branch  5 taken 0 (throw)
        -:   71:
        4:   72:    if (n < 0) {
        4:   72-block  0
branch  0 taken 0 (fallthrough)
branch  1 taken 4
    #####:   73:        n = 0;
    %%%%%:   73-block  0
        -:   74:    }
        -:   75:
        -:   76:    int rateScale, nScale;
        -:   77:
        -:   78:    //// Set period scale factor
        4:   79:    switch (period) {
        4:   79-block  0
branch  0 taken 0
branch  1 taken 2
branch  2 taken 0
branch  3 taken 0
branch  4 taken 2
    #####:   80:        case 'h':
    #####:   81:            rateScale = 1;
    #####:   82:            break;
    %%%%%:   82-block  0
        2:   83:        case 'd':
        2:   84:            rateScale = 24;
        2:   85:            break;
        2:   85-block  0
    #####:   86:        case 'w':
    #####:   87:            rateScale = 24 * 7;
    #####:   88:            break;
    %%%%%:   88-block  0
    #####:   89:        case 'm':
    #####:   90:            rateScale = 24 * 7 * 4;
    #####:   91:            break;
    %%%%%:   91-block  0
        2:   92:        default:
        2:   93:            rateScale = 24 * 7 * 4 * 12;
        2:   94:            break;
        2:   94-block  0
        -:   95:    }
        -:   96:
        4:   97:    switch (p) {
        4:   97-block  0
branch  0 taken 2
branch  1 taken 0
branch  2 taken 0
branch  3 taken 0
branch  4 taken 2
        2:   98:        case 'h':
        2:   99:            nScale = 1;
        2:  100:            break;
        2:  100-block  0
    #####:  101:        case 'd':
    #####:  102:            nScale = 24;
    #####:  103:            break;
    %%%%%:  103-block  0
    #####:  104:        case 'w':
    #####:  105:            nScale = 24 * 7;
    #####:  106:            break;
    %%%%%:  106-block  0
    #####:  107:        case 'm':
    #####:  108:            nScale = 24 * 7 * 4;
    #####:  109:            break;
    %%%%%:  109-block  0
        2:  110:        default:
        2:  111:            nScale = 24 * 7 * 4 * 12;
        2:  112:            break;
        2:  112-block  0
        -:  113:    }
        -:  114:
        4:  115:    return ((static_cast<float>(rate) / rateScale) * (n * nScale));
        4:  115-block  0
        4:  116:}
        4:  116-block  0
call    0 returned 4
branch  1 taken 4 (fallthrough)
branch  2 taken 0 (throw)
    $$$$$:  116-block  1
call    3 never executed
        -:  117:/**
        -:  118: * @brief Prints the service
        -:  119: */
function _ZN7service5printEv called 10 returned 100% blocks executed 84%
       10:  120:void service::print() {
       10:  121:    std::string sPeriod;
       10:  121-block  0
call    0 returned 10
branch  1 taken 10 (fallthrough)
branch  2 taken 0 (throw)
       10:  122:    switch (period) {
       10:  122-block  0
branch  0 taken 2
branch  1 taken 2
branch  2 taken 2
branch  3 taken 2
branch  4 taken 2
        2:  123:        case 'h':
        2:  124:            sPeriod = "hour";
        2:  124-block  0
call    0 returned 2
branch  1 taken 2 (fallthrough)
branch  2 taken 0 (throw)
        2:  125:            break;
        2:  125-block  0
        2:  126:        case 'd':
        2:  127:            sPeriod = "day";
        2:  127-block  0
call    0 returned 2
branch  1 taken 2 (fallthrough)
branch  2 taken 0 (throw)
        2:  128:            break;
        2:  128-block  0
        2:  129:        case 'w':
        2:  130:            sPeriod = "week";
        2:  130-block  0
call    0 returned 2
branch  1 taken 2 (fallthrough)
branch  2 taken 0 (throw)
        2:  131:            break;
        2:  131-block  0
        2:  132:        case 'm':
        2:  133:            sPeriod = "month";
        2:  133-block  0
call    0 returned 2
branch  1 taken 2 (fallthrough)
branch  2 taken 0 (throw)
        2:  134:            break;
        2:  134-block  0
        2:  135:        default:
        2:  136:            sPeriod = "year";
        2:  136-block  0
call    0 returned 2
branch  1 taken 2 (fallthrough)
branch  2 taken 0 (throw)
        2:  137:            break;
        2:  137-block  0
        -:  138:    }
        -:  139:
       10:  140:    std::cout << "service{" << getBarcode() << "}{"
       10:  140-block  0
call    0 returned 10
branch  1 taken 10 (fallthrough)
branch  2 taken 0 (throw)
    $$$$$:  140-block  1
call    3 never executed
    $$$$$:  140-block  2
       10:  141:            << name << "}{R" << rate << "/" << sPeriod
       10:  141-block  0
call    0 returned 10
branch  1 taken 10 (fallthrough)
branch  2 taken 0 (throw)
       10:  141-block  1
call    3 returned 10
branch  4 taken 10 (fallthrough)
branch  5 taken 0 (throw)
       10:  141-block  2
call    6 returned 10
branch  7 taken 10 (fallthrough)
branch  8 taken 0 (throw)
       10:  141-block  3
call    9 returned 10
branch 10 taken 10 (fallthrough)
branch 11 taken 0 (throw)
       10:  141-block  4
call   12 returned 10
branch 13 taken 10 (fallthrough)
branch 14 taken 0 (throw)
       10:  141-block  5
call   15 returned 10
branch 16 taken 10 (fallthrough)
branch 17 taken 0 (throw)
       10:  142:            << "}" << std::endl;
       10:  142-block  0
call    0 returned 10
branch  1 taken 10 (fallthrough)
branch  2 taken 0 (throw)
       10:  142-block  1
call    3 returned 10
branch  4 taken 10 (fallthrough)
branch  5 taken 0 (throw)
       10:  142-block  2
call    6 returned 10
branch  7 taken 10 (fallthrough)
branch  8 taken 0 (throw)
       10:  142-block  3
call    9 returned 10
branch 10 taken 10 (fallthrough)
branch 11 taken 0 (throw)
       10:  142-block  4
call   12 returned 10
branch 13 taken 10 (fallthrough)
branch 14 taken 0 (throw)
       10:  143:}
       10:  143-block  0
call    0 returned 10
branch  1 taken 10 (fallthrough)
branch  2 taken 0 (throw)
       10:  143-block  1
    $$$$$:  143-block  2
call    3 never executed
        -:  144:
